Determining if the pthread_create exist failed with the following output:
Change Dir: /home/digitaltwins/ws_moveit/src/digitalTwins_msgs/build/catkin_tools_prebuild/CMakeFiles/CMakeTmp

Run Build Command:"/usr/bin/make" "cmTC_70426/fast"
/usr/bin/make -f CMakeFiles/cmTC_70426.dir/build.make CMakeFiles/cmTC_70426.dir/build
make[1]: Entering directory '/home/digitaltwins/ws_moveit/src/digitalTwins_msgs/build/catkin_tools_prebuild/CMakeFiles/CMakeTmp'
Building C object CMakeFiles/cmTC_70426.dir/CheckSymbolExists.c.o
/usr/bin/cc    -o CMakeFiles/cmTC_70426.dir/CheckSymbolExists.c.o   -c /home/digitaltwins/ws_moveit/src/digitalTwins_msgs/build/catkin_tools_prebuild/CMakeFiles/CMakeTmp/CheckSymbolExists.c
Linking C executable cmTC_70426
/usr/bin/cmake -E cmake_link_script CMakeFiles/cmTC_70426.dir/link.txt --verbose=1
/usr/bin/cc      -rdynamic CMakeFiles/cmTC_70426.dir/CheckSymbolExists.c.o  -o cmTC_70426 
CMakeFiles/cmTC_70426.dir/CheckSymbolExists.c.o: In function `main':
CheckSymbolExists.c:(.text+0x1b): undefined reference to `pthread_create'
collect2: error: ld returned 1 exit status
CMakeFiles/cmTC_70426.dir/build.make:97: recipe for target 'cmTC_70426' failed
make[1]: *** [cmTC_70426] Error 1
make[1]: Leaving directory '/home/digitaltwins/ws_moveit/src/digitalTwins_msgs/build/catkin_tools_prebuild/CMakeFiles/CMakeTmp'
Makefile:126: recipe for target 'cmTC_70426/fast' failed
make: *** [cmTC_70426/fast] Error 2

File /home/digitaltwins/ws_moveit/src/digitalTwins_msgs/build/catkin_tools_prebuild/CMakeFiles/CMakeTmp/CheckSymbolExists.c:
/* */
#include <pthread.h>

int main(int argc, char** argv)
{
  (void)argv;
#ifndef pthread_create
  return ((int*)(&pthread_create))[argc];
#else
  (void)argc;
  return 0;
#endif
}

Determining if the function pthread_create exists in the pthreads failed with the following output:
Change Dir: /home/digitaltwins/ws_moveit/src/digitalTwins_msgs/build/catkin_tools_prebuild/CMakeFiles/CMakeTmp

Run Build Command:"/usr/bin/make" "cmTC_2681a/fast"
/usr/bin/make -f CMakeFiles/cmTC_2681a.dir/build.make CMakeFiles/cmTC_2681a.dir/build
make[1]: Entering directory '/home/digitaltwins/ws_moveit/src/digitalTwins_msgs/build/catkin_tools_prebuild/CMakeFiles/CMakeTmp'
Building C object CMakeFiles/cmTC_2681a.dir/CheckFunctionExists.c.o
/usr/bin/cc   -DCHECK_FUNCTION_EXISTS=pthread_create   -o CMakeFiles/cmTC_2681a.dir/CheckFunctionExists.c.o   -c /usr/share/cmake-3.10/Modules/CheckFunctionExists.c
Linking C executable cmTC_2681a
/usr/bin/cmake -E cmake_link_script CMakeFiles/cmTC_2681a.dir/link.txt --verbose=1
/usr/bin/cc  -DCHECK_FUNCTION_EXISTS=pthread_create    -rdynamic CMakeFiles/cmTC_2681a.dir/CheckFunctionExists.c.o  -o cmTC_2681a -lpthreads 
/usr/bin/ld: cannot find -lpthreads
collect2: error: ld returned 1 exit status
CMakeFiles/cmTC_2681a.dir/build.make:97: recipe for target 'cmTC_2681a' failed
make[1]: *** [cmTC_2681a] Error 1
make[1]: Leaving directory '/home/digitaltwins/ws_moveit/src/digitalTwins_msgs/build/catkin_tools_prebuild/CMakeFiles/CMakeTmp'
Makefile:126: recipe for target 'cmTC_2681a/fast' failed
make: *** [cmTC_2681a/fast] Error 2


